SF:lib/args/alignment.dart
DA:7,16
DA:11,4
LF:2
LH:2
end_of_record
SF:lib/args/axis.dart
DA:7,5
DA:9,5
DA:11,4
LF:3
LH:3
end_of_record
SF:lib/args/border.dart
DA:9,2
DA:10,2
DA:11,2
DA:12,2
DA:13,2
LF:5
LH:5
end_of_record
SF:lib/args/border_side.dart
DA:10,4
DA:11,4
DA:12,2
DA:13,4
LF:4
LH:4
end_of_record
SF:lib/args/border_radius.dart
DA:9,4
DA:10,4
DA:11,4
DA:12,4
DA:13,4
LF:5
LH:5
end_of_record
SF:lib/args/radius.dart
DA:7,8
LF:1
LH:1
end_of_record
SF:lib/args/border_style.dart
DA:7,2
DA:9,2
DA:11,2
LF:3
LH:3
end_of_record
SF:lib/args/color.dart
DA:7,10
DA:8,10
DA:9,10
DA:10,10
DA:11,5
LF:5
LH:5
end_of_record
SF:lib/args/box_constraints.dart
DA:7,8
DA:8,4
DA:9,4
DA:10,4
DA:11,4
LF:5
LH:5
end_of_record
SF:lib/args/box_decoration.dart
DA:15,4
DA:16,4
DA:17,3
DA:18,4
DA:19,6
DA:20,3
DA:21,4
DA:22,3
LF:8
LH:8
end_of_record
SF:lib/args/box_shape.dart
DA:7,2
DA:9,2
DA:11,2
LF:3
LH:3
end_of_record
SF:lib/args/box_shadow.dart
DA:10,2
DA:11,2
DA:12,5
DA:13,1
DA:14,1
LF:5
LH:5
end_of_record
SF:lib/args/gradient.dart
DA:11,1
DA:12,3
DA:13,1
DA:14,1
DA:15,1
DA:16,1
DA:17,1
DA:21,0
DA:27,1
DA:28,3
DA:29,1
DA:30,5
DA:31,2
DA:32,2
DA:33,1
DA:34,2
DA:40,1
DA:41,3
DA:42,1
DA:43,5
DA:44,2
DA:45,1
DA:46,1
DA:47,2
DA:48,1
DA:49,2
DA:55,1
DA:56,3
DA:58,1
DA:64,0
LF:30
LH:28
end_of_record
SF:lib/args/decoration_image.dart
DA:11,2
DA:12,2
DA:13,1
DA:14,2
LF:4
LH:4
end_of_record
SF:lib/args/box_fit.dart
DA:7,1
DA:9,1
DA:11,1
DA:13,1
DA:15,1
DA:17,1
DA:19,1
DA:21,1
LF:8
LH:8
end_of_record
SF:lib/args/cross_axis_alignment.dart
DA:7,5
DA:9,5
DA:11,5
DA:13,5
DA:15,1
DA:20,0
LF:6
LH:5
end_of_record
SF:lib/args/image_provider.dart
DA:11,1
DA:12,1
DA:14,1
DA:15,1
DA:16,3
DA:17,3
DA:21,1
DA:23,1
DA:24,1
DA:25,1
DA:26,1
DA:27,7
DA:28,2
DA:29,1
DA:30,3
DA:35,1
DA:36,1
DA:37,1
DA:39,1
LF:19
LH:19
end_of_record
SF:lib/args/edge_insets.dart
DA:7,6
DA:8,3
DA:9,3
DA:10,3
DA:11,3
LF:5
LH:5
end_of_record
SF:lib/args/flex_fit.dart
DA:7,2
DA:9,2
DA:11,2
LF:3
LH:3
end_of_record
SF:lib/args/font_style.dart
DA:7,0
DA:9,0
DA:11,0
LF:3
LH:0
end_of_record
SF:lib/args/font_weight.dart
DA:7,0
DA:9,0
DA:11,0
LF:3
LH:0
end_of_record
SF:lib/args/input_decoration.dart
DA:10,0
DA:11,0
DA:12,0
DA:13,0
DA:14,0
DA:15,0
DA:17,0
DA:24,0
DA:25,0
DA:27,0
DA:28,0
DA:29,0
DA:30,0
DA:31,0
DA:32,0
DA:40,0
DA:41,0
DA:43,0
DA:44,0
DA:45,0
DA:46,0
DA:47,0
DA:48,0
LF:23
LH:0
end_of_record
SF:lib/args/main_axis_alignment.dart
DA:7,5
DA:9,5
DA:11,5
DA:13,5
DA:15,5
DA:17,4
DA:19,4
LF:7
LH:7
end_of_record
SF:lib/args/main_axis_size.dart
DA:7,5
DA:9,5
DA:11,5
LF:3
LH:3
end_of_record
SF:lib/args/outlined_border.dart
DA:9,0
DA:10,0
DA:11,0
DA:13,0
DA:15,0
DA:17,0
DA:19,0
DA:27,0
DA:32,0
DA:33,0
DA:34,0
DA:35,0
DA:36,0
DA:37,0
DA:38,0
DA:39,0
DA:40,0
DA:41,0
DA:42,0
DA:43,0
DA:45,0
DA:46,0
LF:22
LH:0
end_of_record
SF:lib/args/stack_fit.dart
DA:7,2
DA:9,2
DA:11,1
DA:13,1
LF:4
LH:4
end_of_record
SF:lib/args/table_border.dart
DA:8,2
DA:9,2
DA:10,2
DA:11,2
DA:12,2
DA:13,2
DA:14,2
LF:7
LH:7
end_of_record
SF:lib/args/table_cell_vertical_alignment.dart
DA:7,1
DA:9,1
DA:11,0
DA:13,0
DA:15,0
DA:20,0
LF:6
LH:2
end_of_record
SF:lib/args/table_column_width.dart
DA:6,1
DA:7,1
DA:8,1
DA:9,0
DA:10,1
DA:11,2
DA:12,1
DA:13,2
DA:14,1
DA:15,2
DA:17,0
LF:11
LH:9
end_of_record
SF:lib/args/text_align.dart
DA:7,2
DA:9,2
DA:11,1
DA:13,1
DA:15,1
DA:20,1
DA:23,0
LF:7
LH:6
end_of_record
SF:lib/args/text_direction.dart
DA:7,1
DA:9,1
DA:11,0
LF:3
LH:2
end_of_record
SF:lib/args/text_overflow.dart
DA:7,0
DA:9,0
DA:11,0
LF:3
LH:0
end_of_record
SF:lib/args/text_style.dart
DA:12,1
DA:13,3
DA:14,1
DA:15,1
DA:16,1
DA:17,1
DA:18,1
DA:19,1
DA:20,1
DA:21,1
DA:22,1
DA:23,1
DA:24,1
DA:25,1
DA:26,1
DA:27,1
DA:28,1
DA:29,1
DA:34,0
DA:35,0
DA:36,0
DA:37,0
DA:38,0
DA:39,0
DA:40,0
DA:41,0
DA:42,0
DA:43,0
DA:44,0
DA:45,0
DA:47,0
DA:53,0
DA:55,0
DA:56,0
DA:58,0
DA:59,0
DA:61,0
DA:62,0
DA:70,0
DA:72,0
DA:74,0
DA:81,0
LF:42
LH:18
end_of_record
SF:lib/args/vertical_direction.dart
DA:7,5
DA:9,5
DA:11,5
LF:3
LH:3
end_of_record
SF:lib/options/checkbox_options.dart
DA:15,0
DA:20,7
DA:22,0
DA:26,0
DA:29,0
DA:37,0
DA:40,0
DA:41,0
DA:43,0
LF:9
LH:1
end_of_record
SF:lib/options/export_options.dart
DA:12,8
LF:1
LH:1
end_of_record
SF:lib/options/page_format_options.dart
DA:20,7
DA:33,0
DA:45,0
DA:57,0
DA:69,0
DA:81,0
DA:93,0
DA:105,0
DA:117,0
DA:129,0
DA:141,1
DA:154,7
DA:155,7
DA:156,7
DA:158,7
DA:160,7
DA:162,7
DA:164,7
DA:166,7
DA:168,7
DA:170,7
DA:172,7
DA:173,0
DA:174,0
DA:175,0
DA:176,0
DA:177,0
DA:178,0
DA:180,7
DA:181,3
DA:182,3
DA:183,1
DA:184,1
DA:185,1
DA:186,1
DA:187,1
LF:36
LH:21
end_of_record
SF:lib/options/text_field_options.dart
DA:18,0
DA:24,7
DA:26,0
DA:30,0
DA:32,0
DA:41,0
DA:44,0
DA:45,0
LF:8
LH:1
end_of_record
SF:lib/traversal.dart
DA:38,0
DA:41,0
DA:43,0
DA:45,0
DA:46,0
DA:47,0
DA:48,0
DA:56,7
DA:59,7
DA:61,7
DA:62,14
DA:63,14
DA:64,7
DA:70,7
DA:73,14
DA:75,14
DA:81,7
DA:82,7
DA:84,14
DA:85,35
DA:86,7
DA:89,7
DA:91,14
DA:92,14
DA:100,7
DA:101,7
DA:103,7
DA:104,7
DA:105,0
DA:106,0
DA:107,7
DA:108,4
DA:109,8
DA:110,8
DA:112,7
DA:113,3
DA:114,6
DA:115,6
DA:117,7
DA:118,3
DA:119,6
DA:120,6
DA:122,7
DA:123,1
DA:124,2
DA:125,2
DA:127,7
DA:128,2
DA:129,4
DA:130,4
DA:132,7
DA:133,4
DA:134,8
DA:135,6
DA:137,7
DA:138,2
DA:139,4
DA:140,4
DA:142,7
DA:143,1
DA:144,2
DA:145,2
DA:147,7
DA:148,3
DA:149,6
DA:150,6
DA:152,7
DA:153,3
DA:154,6
DA:155,6
DA:157,7
DA:158,0
DA:159,7
DA:160,8
DA:161,7
DA:162,0
DA:163,7
DA:164,4
DA:165,7
DA:166,12
DA:167,7
DA:168,0
DA:169,7
DA:170,0
DA:171,7
DA:172,0
DA:173,7
DA:174,0
DA:175,7
DA:176,7
DA:177,7
DA:178,7
DA:179,0
DA:180,7
DA:181,15
DA:182,7
DA:183,6
DA:184,7
DA:185,6
DA:186,7
DA:187,6
DA:188,7
DA:189,2
DA:190,3
DA:191,7
DA:192,6
DA:193,7
DA:194,3
DA:196,28
DA:197,7
LF:110
LH:94
end_of_record
SF:lib/widgets/container.dart
DA:13,8
DA:14,6
DA:15,6
DA:16,7
DA:17,7
DA:18,4
DA:19,6
DA:20,5
DA:21,4
LF:9
LH:9
end_of_record
SF:lib/widgets/center.dart
DA:7,6
DA:8,3
DA:9,3
LF:3
LH:3
end_of_record
SF:lib/widgets/sized_box.dart
DA:7,6
DA:8,3
DA:9,3
LF:3
LH:3
end_of_record
SF:lib/widgets/fitted_box.dart
DA:10,2
DA:11,2
DA:12,2
LF:3
LH:3
end_of_record
SF:lib/widgets/limited_box.dart
DA:7,4
DA:8,2
DA:9,2
LF:3
LH:3
end_of_record
SF:lib/widgets/constrained_box.dart
DA:8,8
DA:9,8
LF:2
LH:2
end_of_record
SF:lib/widgets/transform.dart
DA:9,4
DA:10,2
DA:11,2
DA:12,4
LF:4
LH:4
end_of_record
SF:lib/widgets/opacity.dart
DA:7,2
DA:8,1
LF:2
LH:2
end_of_record
SF:lib/widgets/padding.dart
DA:9,6
DA:10,6
LF:2
LH:2
end_of_record
SF:lib/widgets/align.dart
DA:9,6
DA:10,6
DA:11,3
DA:12,3
LF:4
LH:4
end_of_record
SF:lib/widgets/positioned.dart
DA:7,0
DA:8,0
DA:9,0
DA:10,0
DA:11,0
LF:5
LH:0
end_of_record
SF:lib/widgets/expanded.dart
DA:9,4
DA:10,2
DA:11,4
LF:3
LH:3
end_of_record
SF:lib/widgets/flexible.dart
DA:9,0
DA:10,0
DA:11,0
LF:3
LH:0
end_of_record
SF:lib/widgets/placeholder.dart
DA:9,4
DA:10,4
DA:11,2
DA:12,2
DA:13,2
LF:5
LH:5
end_of_record
SF:lib/widgets/text.dart
DA:12,18
DA:13,6
DA:14,8
DA:15,7
DA:16,6
DA:17,6
DA:18,6
DA:19,7
LF:8
LH:8
end_of_record
SF:lib/widgets/text_field.dart
DA:14,0
DA:17,0
DA:18,0
DA:19,0
DA:21,0
DA:22,0
DA:23,0
DA:24,0
DA:26,0
DA:27,0
DA:29,0
DA:30,0
DA:31,0
DA:32,0
DA:33,0
DA:34,0
LF:16
LH:0
end_of_record
SF:lib/widgets/divider.dart
DA:9,0
DA:10,0
DA:11,0
DA:12,0
DA:13,0
DA:14,0
LF:6
LH:0
end_of_record
SF:lib/widgets/image.dart
DA:11,0
DA:12,0
DA:13,0
DA:14,0
DA:15,0
DA:16,0
LF:6
LH:0
end_of_record
SF:lib/widgets/checkbox.dart
DA:14,0
DA:15,0
DA:16,0
DA:17,0
DA:18,0
DA:19,0
DA:20,0
DA:21,0
DA:22,0
DA:25,0
DA:28,0
DA:29,0
DA:31,0
DA:32,0
DA:34,0
DA:36,0
DA:37,0
DA:38,0
DA:39,0
DA:40,0
DA:41,0
DA:42,0
DA:43,0
DA:44,0
DA:52,0
DA:53,0
DA:54,0
DA:55,0
DA:56,0
DA:59,0
DA:60,0
DA:61,0
DA:62,0
DA:63,0
DA:66,0
DA:67,0
DA:69,0
DA:73,0
LF:38
LH:0
end_of_record
SF:lib/widgets/button.dart
DA:13,0
DA:14,0
DA:15,0
DA:16,0
DA:17,0
DA:18,0
DA:20,0
DA:21,0
DA:22,0
DA:23,0
DA:25,0
DA:27,0
LF:12
LH:0
end_of_record
SF:lib/widgets/column.dart
DA:12,10
DA:13,10
DA:14,10
DA:15,10
DA:16,10
LF:5
LH:5
end_of_record
SF:lib/widgets/row.dart
DA:12,4
DA:13,4
DA:14,4
DA:15,4
DA:16,4
LF:5
LH:5
end_of_record
SF:lib/widgets/stack.dart
DA:10,4
DA:11,4
DA:12,2
DA:13,2
DA:14,4
LF:5
LH:5
end_of_record
SF:lib/widgets/list_view.dart
DA:10,4
DA:12,2
DA:13,2
DA:14,4
LF:4
LH:4
end_of_record
SF:lib/widgets/grid_view.dart
DA:10,2
DA:11,2
DA:12,2
DA:13,2
DA:14,2
DA:15,1
DA:16,2
DA:22,1
DA:23,1
DA:24,1
DA:25,1
DA:26,1
DA:27,1
DA:28,3
DA:30,0
DA:34,1
DA:35,1
DA:36,1
DA:37,1
DA:38,1
DA:39,1
DA:41,0
DA:45,1
DA:46,1
DA:47,1
DA:48,1
DA:49,1
DA:50,1
DA:52,0
DA:56,1
DA:57,1
DA:58,1
DA:59,1
DA:60,1
DA:61,1
DA:63,0
LF:36
LH:32
end_of_record
SF:lib/widgets/wrap.dart
DA:10,4
DA:11,4
DA:12,4
DA:13,4
DA:14,4
DA:15,2
DA:16,2
DA:17,4
DA:23,2
DA:25,2
DA:27,1
DA:29,1
DA:31,1
DA:33,1
DA:35,1
DA:42,2
DA:44,2
DA:46,1
DA:48,1
LF:19
LH:19
end_of_record
SF:lib/widgets/table.dart
DA:12,2
DA:13,2
DA:14,4
DA:15,1
DA:17,2
DA:18,2
DA:19,1
DA:20,4
DA:21,1
DA:22,3
DA:23,1
DA:24,5
DA:25,6
DA:26,1
LF:14
LH:14
end_of_record
